
2025-11-19 04:28:52...installerHook: Info: custom/install/install_hooks.php not present, no custom hooks to execute
2025-11-19 04:28:59...Begin System Check Process *************
2025-11-19 04:28:59...XML Parsing Support Found
2025-11-19 04:28:59...JSON Parsing Support Found
2025-11-19 04:28:59...MBString Support Found
2025-11-19 04:28:59...ZIP Support Found
2025-11-19 04:28:59.../custom directory and subdirectory check passed
2025-11-19 04:28:59...cache directory and subdirectory check passed
2025-11-19 04:29:01.../module  directory and subdirectory check passed
2025-11-19 04:29:01.../upload directory check passed
2025-11-19 04:29:01.../zip check passed
2025-11-19 04:29:01...PCRE version check passed
2025-11-19 04:29:01...installerHook: Info: custom/install/install_hooks.php not present, no custom hooks to execute
2025-11-19 04:29:01...php.ini location found. C:\wamp64\bin\apache\apache2.4.62.1\bin\php.ini
2025-11-19 04:29:01...Outputting HTML for System check
2025-11-19 04:29:01...No Errors were found *************
2025-11-19 04:29:15...installerHook: Info: custom/install/install_hooks.php not present, no custom hooks to execute
2025-11-19 04:29:18...installerHook: Info: custom/install/install_hooks.php not present, no custom hooks to execute
2025-11-19 04:30:39...Begin DB Check Process *************
2025-11-19 04:30:39...testing with mysql:mysqli
2025-11-19 04:30:39...Basic form info is valid, continuing Process.
2025-11-19 04:30:39...Testing user account...
2025-11-19 04:30:39...Connection made using  host: localhost, usr: root
2025-11-19 04:30:39...SUCCESS:: no errors detected!
2025-11-19 04:30:39...End DB Check Process *************
2025-11-19 04:30:39...installerHook: Info: custom/install/install_hooks.php not present, no custom hooks to execute
2025-11-19 04:30:39...calling handleSugarConfig()
2025-11-19 04:30:39...calling handleHtaccess()
2025-11-19 04:30:39...calling handleDbCreateDatabase()
2025-11-19 04:30:40...looping through all the Beans and create their tables
2025-11-19 04:30:40...processing table acl_actions
2025-11-19 04:30:40...creating table acl_actions
2025-11-19 04:30:40...creating Relationship Meta for ACLAction
2025-11-19 04:30:40...processing table acl_roles
2025-11-19 04:30:40...creating table acl_roles
2025-11-19 04:30:40...creating Relationship Meta for ACLRole
2025-11-19 04:30:40...processing table relationships
2025-11-19 04:30:40...creating table relationships
2025-11-19 04:30:40...creating Relationship Meta for Relationship
2025-11-19 04:30:40...processing table leads
2025-11-19 04:30:41...creating table leads
2025-11-19 04:30:41...creating Relationship Meta for Lead
2025-11-19 04:30:41...processing table cases
2025-11-19 04:30:41...creating table cases
2025-11-19 04:30:41...creating Relationship Meta for Case
2025-11-19 04:30:41...processing table bugs
2025-11-19 04:30:42...creating table bugs
2025-11-19 04:30:42...creating Relationship Meta for Bug
2025-11-19 04:30:42...processing table users
2025-11-19 04:30:42...creating table users
2025-11-19 04:30:42...creating Relationship Meta for User
2025-11-19 04:30:42...processing table campaign_log
2025-11-19 04:30:42...creating table campaign_log
2025-11-19 04:30:42...creating Relationship Meta for CampaignLog
2025-11-19 04:30:42...processing table project
2025-11-19 04:30:42...creating table project
2025-11-19 04:30:42...creating Relationship Meta for Project
2025-11-19 04:30:43...processing table project_task
2025-11-19 04:30:43...creating table project_task
2025-11-19 04:30:43...creating Relationship Meta for ProjectTask
2025-11-19 04:30:43...processing table campaigns
2025-11-19 04:30:43...creating table campaigns
2025-11-19 04:30:43...creating Relationship Meta for Campaign
2025-11-19 04:30:43...processing table prospect_lists
2025-11-19 04:30:44...creating table prospect_lists
2025-11-19 04:30:44...creating Relationship Meta for ProspectList
2025-11-19 04:30:44...processing table prospects
2025-11-19 04:30:44...creating table prospects
2025-11-19 04:30:44...creating Relationship Meta for Prospect
2025-11-19 04:30:44...processing table email_marketing
2025-11-19 04:30:44...creating table email_marketing
2025-11-19 04:30:44...creating Relationship Meta for EmailMarketing
2025-11-19 04:30:44...processing table campaign_trkrs
2025-11-19 04:30:44...creating table campaign_trkrs
2025-11-19 04:30:44...creating Relationship Meta for CampaignTracker
2025-11-19 04:30:44...processing table releases
2025-11-19 04:30:44...creating table releases
2025-11-19 04:30:44...creating Relationship Meta for Release
2025-11-19 04:30:45...processing table emailman
2025-11-19 04:30:45...creating table emailman
2025-11-19 04:30:45...creating Relationship Meta for EmailMan
2025-11-19 04:30:45...processing table schedulers
2025-11-19 04:30:45...creating table schedulers
2025-11-19 04:30:45...creating Relationship Meta for Scheduler
2025-11-19 04:30:45...processing table job_queue
2025-11-19 04:30:45...creating table job_queue
2025-11-19 04:30:45...creating Relationship Meta for SchedulersJob
2025-11-19 04:30:45...processing table contacts
2025-11-19 04:30:45...creating table contacts
2025-11-19 04:30:45...creating Relationship Meta for Contact
2025-11-19 04:30:46...processing table accounts
2025-11-19 04:30:46...creating table accounts
2025-11-19 04:30:46...creating Relationship Meta for Account
2025-11-19 04:30:46...processing table opportunities
2025-11-19 04:30:46...creating table opportunities
2025-11-19 04:30:46...creating Relationship Meta for Opportunity
2025-11-19 04:30:46...processing table email_templates
2025-11-19 04:30:47...creating table email_templates
2025-11-19 04:30:47...creating Relationship Meta for EmailTemplate
2025-11-19 04:30:47...processing table notes
2025-11-19 04:30:47...creating table notes
2025-11-19 04:30:47...creating Relationship Meta for Note
2025-11-19 04:30:47...processing table calls
2025-11-19 04:30:47...creating table calls
2025-11-19 04:30:47...creating Relationship Meta for Call
2025-11-19 04:30:48...processing table emails
2025-11-19 04:30:48...creating table emails
2025-11-19 04:30:48...creating Relationship Meta for Email
2025-11-19 04:30:48...processing table meetings
2025-11-19 04:30:48...creating table meetings
2025-11-19 04:30:48...creating Relationship Meta for Meeting
2025-11-19 04:30:48...processing table tasks
2025-11-19 04:30:49...creating table tasks
2025-11-19 04:30:49...creating Relationship Meta for Task
2025-11-19 04:30:49...processing table users
2025-11-19 04:30:49...processing table users
2025-11-19 04:30:49...processing table currencies
2025-11-19 04:30:49...creating table currencies
2025-11-19 04:30:49...creating Relationship Meta for Currency
2025-11-19 04:30:49...processing table tracker
2025-11-19 04:30:49...creating table tracker
2025-11-19 04:30:49...creating Relationship Meta for Tracker
2025-11-19 04:30:49...processing table import_maps
2025-11-19 04:30:49...creating table import_maps
2025-11-19 04:30:49...creating Relationship Meta for ImportMap
2025-11-19 04:30:49...processing table users_last_import
2025-11-19 04:30:49...creating table users_last_import
2025-11-19 04:30:49...creating Relationship Meta for UsersLastImport
2025-11-19 04:30:49...processing table config
2025-11-19 04:30:49...creating table config
2025-11-19 04:30:49...creating Relationship Meta for Administration
2025-11-19 04:30:49...processing table upgrade_history
2025-11-19 04:30:49...creating table upgrade_history
2025-11-19 04:30:49...creating Relationship Meta for UpgradeHistory
2025-11-19 04:30:49...processing table vcals
2025-11-19 04:30:49...creating table vcals
2025-11-19 04:30:49...creating Relationship Meta for vCal
2025-11-19 04:30:49...processing table alerts
2025-11-19 04:30:49...creating table alerts
2025-11-19 04:30:49...creating Relationship Meta for Alert
2025-11-19 04:30:49...processing table roles
2025-11-19 04:30:49...creating table roles
2025-11-19 04:30:49...creating Relationship Meta for Role
2025-11-19 04:30:49...processing table documents
2025-11-19 04:30:50...creating table documents
2025-11-19 04:30:50...creating Relationship Meta for Document
2025-11-19 04:30:50...processing table document_revisions
2025-11-19 04:30:50...creating table document_revisions
2025-11-19 04:30:50...creating Relationship Meta for DocumentRevision
2025-11-19 04:30:50...processing table fields_meta_data
2025-11-19 04:30:50...creating table fields_meta_data
2025-11-19 04:30:50...creating Relationship Meta for FieldsMetaData
2025-11-19 04:30:50...processing table 
2025-11-19 04:30:50...processing table inbound_email
2025-11-19 04:30:50...creating table inbound_email
2025-11-19 04:30:50...creating Relationship Meta for InboundEmail
2025-11-19 04:30:50...processing table saved_search
2025-11-19 04:30:51...creating table saved_search
2025-11-19 04:30:51...creating Relationship Meta for SavedSearch
2025-11-19 04:30:51...processing table user_preferences
2025-11-19 04:30:51...creating table user_preferences
2025-11-19 04:30:51...creating Relationship Meta for UserPreference
2025-11-19 04:30:51...processing table 
2025-11-19 04:30:51...processing table email_addresses
2025-11-19 04:30:51...creating table email_addresses
2025-11-19 04:30:51...creating Relationship Meta for EmailAddress
2025-11-19 04:30:51...processing table emails_text
2025-11-19 04:30:51...creating table emails_text
2025-11-19 04:30:51...creating Relationship Meta for EmailText
2025-11-19 04:30:51...processing table spots
2025-11-19 04:30:51...creating table spots
2025-11-19 04:30:51...creating Relationship Meta for Spots
2025-11-19 04:30:51...processing table aobh_businesshours
2025-11-19 04:30:51...creating table aobh_businesshours
2025-11-19 04:30:51...creating Relationship Meta for AOBH_BusinessHours
2025-11-19 04:30:51...processing table sugarfeed
2025-11-19 04:30:51...creating table sugarfeed
2025-11-19 04:30:51...creating Relationship Meta for SugarFeed
2025-11-19 04:30:51...processing table eapm
2025-11-19 04:30:52...creating table eapm
2025-11-19 04:30:52...creating Relationship Meta for EAPM
2025-11-19 04:30:52...processing table oauth_consumer
2025-11-19 04:30:52...creating table oauth_consumer
2025-11-19 04:30:52...creating Relationship Meta for OAuthKey
2025-11-19 04:30:52...processing table oauth_tokens
2025-11-19 04:30:52...creating table oauth_tokens
2025-11-19 04:30:52...creating Relationship Meta for OAuthToken
2025-11-19 04:30:52...processing table am_projecttemplates
2025-11-19 04:30:52...creating table am_projecttemplates
2025-11-19 04:30:52...creating Relationship Meta for AM_ProjectTemplates
2025-11-19 04:30:53...processing table am_tasktemplates
2025-11-19 04:30:53...creating table am_tasktemplates
2025-11-19 04:30:53...creating Relationship Meta for AM_TaskTemplates
2025-11-19 04:30:53...processing table favorites
2025-11-19 04:30:53...creating table favorites
2025-11-19 04:30:53...creating Relationship Meta for Favorites
2025-11-19 04:30:53...processing table aok_knowledge_base_categories
2025-11-19 04:30:53...creating table aok_knowledge_base_categories
2025-11-19 04:30:53...creating Relationship Meta for AOK_Knowledge_Base_Categories
2025-11-19 04:30:54...processing table aok_knowledgebase
2025-11-19 04:30:54...creating table aok_knowledgebase
2025-11-19 04:30:54...creating Relationship Meta for AOK_KnowledgeBase
2025-11-19 04:30:54...processing table reminders
2025-11-19 04:30:54...creating table reminders
2025-11-19 04:30:54...creating Relationship Meta for Reminder
2025-11-19 04:30:54...processing table reminders_invitees
2025-11-19 04:30:54...creating table reminders_invitees
2025-11-19 04:30:54...creating Relationship Meta for Reminder_Invitee
2025-11-19 04:30:54...processing table fp_events
2025-11-19 04:30:55...creating table fp_events
2025-11-19 04:30:55...creating Relationship Meta for FP_events
2025-11-19 04:30:55...processing table fp_event_locations
2025-11-19 04:30:55...creating table fp_event_locations
2025-11-19 04:30:55...creating Relationship Meta for FP_Event_Locations
2025-11-19 04:30:55...processing table aod_indexevent
2025-11-19 04:30:55...creating table aod_indexevent
2025-11-19 04:30:55...creating Relationship Meta for AOD_IndexEvent
2025-11-19 04:30:55...processing table aod_index
2025-11-19 04:30:56...creating table aod_index
2025-11-19 04:30:56...creating Relationship Meta for AOD_Index
2025-11-19 04:30:56...processing table aop_case_events
2025-11-19 04:30:56...creating table aop_case_events
2025-11-19 04:30:56...creating Relationship Meta for AOP_Case_Events
2025-11-19 04:30:56...processing table aop_case_updates
2025-11-19 04:30:56...creating table aop_case_updates
2025-11-19 04:30:56...creating Relationship Meta for AOP_Case_Updates
2025-11-19 04:30:57...processing table aor_reports
2025-11-19 04:30:57...creating table aor_reports
2025-11-19 04:30:57...creating Relationship Meta for AOR_Report
2025-11-19 04:30:57...processing table aor_fields
2025-11-19 04:30:57...creating table aor_fields
2025-11-19 04:30:57...creating Relationship Meta for AOR_Field
2025-11-19 04:30:57...processing table aor_charts
2025-11-19 04:30:57...creating table aor_charts
2025-11-19 04:30:57...creating Relationship Meta for AOR_Chart
2025-11-19 04:30:57...processing table aor_conditions
2025-11-19 04:30:57...creating table aor_conditions
2025-11-19 04:30:57...creating Relationship Meta for AOR_Condition
2025-11-19 04:30:57...processing table aor_scheduled_reports
2025-11-19 04:30:58...creating table aor_scheduled_reports
2025-11-19 04:30:58...creating Relationship Meta for AOR_Scheduled_Reports
2025-11-19 04:30:58...processing table aos_contracts
2025-11-19 04:30:58...creating table aos_contracts
2025-11-19 04:30:58...creating Relationship Meta for AOS_Contracts
2025-11-19 04:30:58...processing table aos_invoices
2025-11-19 04:30:58...creating table aos_invoices
2025-11-19 04:30:58...creating Relationship Meta for AOS_Invoices
2025-11-19 04:30:58...processing table aos_pdf_templates
2025-11-19 04:30:59...creating table aos_pdf_templates
2025-11-19 04:30:59...creating Relationship Meta for AOS_PDF_Templates
2025-11-19 04:30:59...processing table aos_product_categories
2025-11-19 04:31:00...creating table aos_product_categories
2025-11-19 04:31:00...creating Relationship Meta for AOS_Product_Categories
2025-11-19 04:31:00...processing table aos_products
2025-11-19 04:31:00...creating table aos_products
2025-11-19 04:31:00...creating Relationship Meta for AOS_Products
2025-11-19 04:31:00...processing table aos_products_quotes
2025-11-19 04:31:00...creating table aos_products_quotes
2025-11-19 04:31:00...creating Relationship Meta for AOS_Products_Quotes
2025-11-19 04:31:01...processing table aos_line_item_groups
2025-11-19 04:31:01...creating table aos_line_item_groups
2025-11-19 04:31:01...creating Relationship Meta for AOS_Line_Item_Groups
2025-11-19 04:31:01...processing table aos_quotes
2025-11-19 04:31:01...creating table aos_quotes
2025-11-19 04:31:01...creating Relationship Meta for AOS_Quotes
2025-11-19 04:31:01...processing table aow_actions
2025-11-19 04:31:01...creating table aow_actions
2025-11-19 04:31:01...creating Relationship Meta for AOW_Action
2025-11-19 04:31:01...processing table aow_workflow
2025-11-19 04:31:02...creating table aow_workflow
2025-11-19 04:31:02...creating Relationship Meta for AOW_WorkFlow
2025-11-19 04:31:02...processing table aow_processed
2025-11-19 04:31:02...creating table aow_processed
2025-11-19 04:31:02...creating Relationship Meta for AOW_Processed
2025-11-19 04:31:02...processing table aow_conditions
2025-11-19 04:31:02...creating table aow_conditions
2025-11-19 04:31:02...creating Relationship Meta for AOW_Condition
2025-11-19 04:31:02...processing table jjwg_maps
2025-11-19 04:31:03...creating table jjwg_maps
2025-11-19 04:31:03...creating Relationship Meta for jjwg_Maps
2025-11-19 04:31:03...processing table jjwg_markers
2025-11-19 04:31:03...creating table jjwg_markers
2025-11-19 04:31:03...creating Relationship Meta for jjwg_Markers
2025-11-19 04:31:03...processing table jjwg_areas
2025-11-19 04:31:04...creating table jjwg_areas
2025-11-19 04:31:04...creating Relationship Meta for jjwg_Areas
2025-11-19 04:31:04...processing table jjwg_address_cache
2025-11-19 04:31:04...creating table jjwg_address_cache
2025-11-19 04:31:04...creating Relationship Meta for jjwg_Address_Cache
2025-11-19 04:31:04...processing table calls_reschedule
2025-11-19 04:31:05...creating table calls_reschedule
2025-11-19 04:31:05...creating Relationship Meta for Calls_Reschedule
2025-11-19 04:31:05...processing table securitygroups
2025-11-19 04:31:05...creating table securitygroups
2025-11-19 04:31:05...creating Relationship Meta for SecurityGroup
2025-11-19 04:31:05...processing table outbound_email
2025-11-19 04:31:05...creating table outbound_email
2025-11-19 04:31:05...creating Relationship Meta for OutboundEmailAccounts
2025-11-19 04:31:06...processing table external_oauth_connections
2025-11-19 04:31:06...creating table external_oauth_connections
2025-11-19 04:31:06...creating Relationship Meta for ExternalOAuthConnection
2025-11-19 04:31:06...processing table external_oauth_providers
2025-11-19 04:31:06...creating table external_oauth_providers
2025-11-19 04:31:06...creating Relationship Meta for ExternalOAuthProvider
2025-11-19 04:31:06...processing table templatesectionline
2025-11-19 04:31:06...creating table templatesectionline
2025-11-19 04:31:06...creating Relationship Meta for TemplateSectionLine
2025-11-19 04:31:07...processing table oauth2tokens
2025-11-19 04:31:07...creating table oauth2tokens
2025-11-19 04:31:07...creating Relationship Meta for OAuth2Tokens
2025-11-19 04:31:07...processing table oauth2clients
2025-11-19 04:31:07...creating table oauth2clients
2025-11-19 04:31:07...creating Relationship Meta for OAuth2Clients
2025-11-19 04:31:07...processing table surveyresponses
2025-11-19 04:31:07...creating table surveyresponses
2025-11-19 04:31:07...creating Relationship Meta for SurveyResponses
2025-11-19 04:31:07...processing table surveys
2025-11-19 04:31:08...creating table surveys
2025-11-19 04:31:08...creating Relationship Meta for Surveys
2025-11-19 04:31:08...processing table surveyquestionresponses
2025-11-19 04:31:08...creating table surveyquestionresponses
2025-11-19 04:31:08...creating Relationship Meta for SurveyQuestionResponses
2025-11-19 04:31:08...processing table surveyquestions
2025-11-19 04:31:08...creating table surveyquestions
2025-11-19 04:31:08...creating Relationship Meta for SurveyQuestions
2025-11-19 04:31:09...processing table surveyquestionoptions
2025-11-19 04:31:09...creating table surveyquestionoptions
2025-11-19 04:31:09...creating Relationship Meta for SurveyQuestionOptions
2025-11-19 04:31:10...Begin creating Defaults
2025-11-19 04:31:10...insert defaults into config table
2025-11-19 04:31:10...Creating default users
2025-11-19 04:31:10...Creating default scheduler jobs
2025-11-19 04:31:11...Enable SugarFeeds
2025-11-19 04:31:11...Installation has completed *********
2025-11-19 04:31:29...populating the db with seed data
2025-11-19 04:34:02...Save configuration settings..
2025-11-19 04:34:02...save locale
2025-11-19 04:34:02...new Administration
2025-11-19 04:34:02...retrieveSettings
2025-11-19 04:34:02...AdminWizard OFF
2025-11-19 04:34:02...saveConfig
2025-11-19 04:34:02...new Configurator
2025-11-19 04:34:02...populateFromPost
2025-11-19 04:34:02...handleOverride
2025-11-19 04:34:02...addCronAllowedUser
2025-11-19 04:34:02...saveConfig
2025-11-19 04:34:02...new Currency
2025-11-19 04:34:02...retrieve
2025-11-19 04:34:02...DBG: save currency
2025-11-19 04:34:02...Save user settings..
2025-11-19 04:34:03...DBG: SugarThemeRegistry::getDefault
2025-11-19 04:34:26...installerHook: Info: custom/install/install_hooks.php not present, no custom hooks to execute